#
# There is insufficient memory for the Java Runtime Environment to continue.
# Native memory allocation (malloc) failed to allocate 805616 bytes for Chunk::new
# Possible reasons:
#   The system is out of physical RAM or swap space
#   In 32 bit mode, the process size limit was hit
# Possible solutions:
#   Reduce memory load on the system
#   Increase physical memory or swap space
#   Check if swap backing store is full
#   Use 64 bit Java on a 64 bit OS
#   Decrease Java heap size (-Xmx/-Xms)
#   Decrease number of Java threads
#   Decrease Java thread stack sizes (-Xss)
#   Set larger code cache with -XX:ReservedCodeCacheSize=
# This output file may be truncated or incomplete.
#
#  Out of Memory Error (allocation.cpp:390), pid=30732, tid=0x00000000000079e8
#
# JRE version: Java(TM) SE Runtime Environment (8.0_171-b11) (build 1.8.0_171-b11)
# Java VM: Java HotSpot(TM) 64-Bit Server VM (25.171-b11 mixed mode windows-amd64 compressed oops)
# Failed to write core dump. Minidumps are not enabled by default on client versions of Windows
#

---------------  T H R E A D  ---------------

Current thread (0x000000001f125800):  JavaThread "C2 CompilerThread1" daemon [_thread_in_native, id=31208, stack(0x000000001f890000,0x000000001f990000)]

Stack: [0x000000001f890000,0x000000001f990000]
[error occurred during error reporting (printing stack bounds), id 0xc0000005]

Native frames: (J=compiled Java code, j=interpreted, Vv=VM code, C=native code)


Current CompileTask:
C2:   6235 4876       4       java.net.URLStreamHandler::parseURL (1193 bytes)


---------------  P R O C E S S  ---------------

Java Threads: ( => current thread )
  0x00000000241d3800 JavaThread "Druid-ConnectionPool-Destroy-1402211887" daemon [_thread_blocked, id=1528, stack(0x00000000277b0000,0x00000000278b0000)]
  0x000000002526e000 JavaThread "Druid-ConnectionPool-Create-1402211887" daemon [_thread_blocked, id=30120, stack(0x0000000027120000,0x0000000027220000)]
  0x000000002409d800 JavaThread "mysql-cj-abandoned-connection-cleanup" daemon [_thread_blocked, id=26180, stack(0x0000000027020000,0x0000000027120000)]
  0x0000000022267800 JavaThread "logback-1" daemon [_thread_blocked, id=31156, stack(0x00000000237b0000,0x00000000238b0000)]
  0x000000001f30d000 JavaThread "surefire-forkedjvm-ping-30s" daemon [_thread_blocked, id=27608, stack(0x000000001fe90000,0x000000001ff90000)]
  0x000000001f285800 JavaThread "surefire-forkedjvm-command-thread" daemon [_thread_in_native, id=27688, stack(0x000000001fd90000,0x000000001fe90000)]
  0x000000001f1bc000 JavaThread "Service Thread" daemon [_thread_blocked, id=27052, stack(0x000000001fb90000,0x000000001fc90000)]
  0x000000001f137000 JavaThread "C1 CompilerThread3" daemon [_thread_in_vm, id=7000, stack(0x000000001fa90000,0x000000001fb90000)]
  0x000000001f12c000 JavaThread "C2 CompilerThread2" daemon [_thread_in_native, id=9920, stack(0x000000001f990000,0x000000001fa90000)]
=>0x000000001f125800 JavaThread "C2 CompilerThread1" daemon [_thread_in_native, id=31208, stack(0x000000001f890000,0x000000001f990000)]
  0x000000001f11f800 JavaThread "C2 CompilerThread0" daemon [_thread_in_native, id=28776, stack(0x000000001f790000,0x000000001f890000)]
  0x000000001f11d000 JavaThread "Attach Listener" daemon [_thread_blocked, id=23156, stack(0x000000001f690000,0x000000001f790000)]
  0x000000001f0ca000 JavaThread "Signal Dispatcher" daemon [_thread_blocked, id=26020, stack(0x000000001f590000,0x000000001f690000)]
  0x000000001f0b1800 JavaThread "Finalizer" daemon [_thread_blocked, id=12752, stack(0x000000001f490000,0x000000001f590000)]
  0x00000000037a9000 JavaThread "Reference Handler" daemon [_thread_blocked, id=30844, stack(0x000000001ef90000,0x000000001f090000)]
  0x00000000036ae800 JavaThread "main" [_thread_in_native, id=28620, stack(0x00000000034f0000,0x00000000035f0000)]

Other Threads:
  0x000000001d1b8000 VMThread [stack: 0x000000001ee90000,0x000000001ef90000] [id=5492]
  0x000000001f1e0000 WatcherThread [stack: 0x000000001fc90000,0x000000001fd90000] [id=14284]

VM state:not at safepoint (normal execution)

VM Mutex/Monitor currently owned by a thread: None

Heap:
 PSYoungGen      total 152064K, used 15261K [0x000000076b500000, 0x0000000777c00000, 0x00000007c0000000)
  eden space 139264K, 1% used [0x000000076b500000,0x000000076b76b228,0x0000000773d00000)
  from space 12800K, 99% used [0x0000000773d00000,0x000000077497c4c8,0x0000000774980000)
  to   space 14848K, 0% used [0x0000000776d80000,0x0000000776d80000,0x0000000777c00000)
 ParOldGen       total 170496K, used 17984K [0x00000006c1e00000, 0x00000006cc480000, 0x000000076b500000)
  object space 170496K, 10% used [0x00000006c1e00000,0x00000006c2f90280,0x00000006cc480000)
 Metaspace       used 48402K, capacity 51092K, committed 51288K, reserved 1093632K
  class space    used 6337K, capacity 6784K, committed 6784K, reserved 1048576K

Card table byte_map: [0x0000000012b70000,0x0000000013370000] byte_map_base: 0x000000000f561000

Marking Bits: (ParMarkBitMap*) 0x00000000719008c0
 Begin Bits: [0x00000000140c0000, 0x0000000018048000)
 End Bits:   [0x0000000018048000, 0x000000001bfd0000)

Polling page: 0x00000000013f0000

CodeCache: size=245760Kb used=16486Kb max_used=17024Kb free=229274Kb
 bounds [0x00000000037b0000, 0x00000000048c0000, 0x00000000127b0000]
 total_blobs=4838 nmethods=4341 adapters=406
 compilation: enabled

Compilation events (10 events):
Event: 6.232 Thread 0x000000001f137000 4943       3       sun.reflect.generics.repository.MethodRepository::<init> (7 bytes)
Event: 6.233 Thread 0x000000001f137000 nmethod 4943 0x000000000390fc90 code [0x000000000390fe60, 0x0000000003910618]
Event: 6.233 Thread 0x000000001f137000 4937       3       org.springframework.web.context.support.ServletContextAwareProcessor::getServletContext (29 bytes)
Event: 6.233 Thread 0x000000001f137000 nmethod 4937 0x0000000003cb9850 code [0x0000000003cb99e0, 0x0000000003cba048]
Event: 6.233 Thread 0x000000001f137000 4938       3       org.springframework.aop.framework.autoproxy.AbstractAdvisorAutoProxyCreator::getAdvicesAndAdvisorsForBean (30 bytes)
Event: 6.233 Thread 0x000000001f137000 nmethod 4938 0x00000000043b8590 code [0x00000000043b8720, 0x00000000043b8ae8]
Event: 6.233 Thread 0x000000001f137000 4944       1       java.lang.reflect.Proxy$KeyX::hashCode (5 bytes)
Event: 6.233 Thread 0x000000001f137000 nmethod 4944 0x0000000003e80ad0 code [0x0000000003e80c20, 0x0000000003e80d30]
Event: 6.233 Thread 0x000000001f137000 4947       2       org.springframework.core.SerializableTypeWrapper::unwrap (34 bytes)
Event: 6.233 Thread 0x000000001f137000 nmethod 4947 0x0000000003c83290 code [0x0000000003c83400, 0x0000000003c83658]

GC Heap History (10 events):
Event: 3.411 GC heap before
{Heap before GC invocations=7 (full 1):
 PSYoungGen      total 104448K, used 82707K [0x000000076b500000, 0x0000000775580000, 0x00000007c0000000)
  eden space 93696K, 81% used [0x000000076b500000,0x000000076ffd1a08,0x0000000771080000)
  from space 10752K, 56% used [0x0000000771080000,0x00000007716732e0,0x0000000771b00000)
  to   space 11264K, 0% used [0x0000000774a80000,0x0000000774a80000,0x0000000775580000)
 ParOldGen       total 111104K, used 9949K [0x00000006c1e00000, 0x00000006c8a80000, 0x000000076b500000)
  object space 111104K, 8% used [0x00000006c1e00000,0x00000006c27b7790,0x00000006c8a80000)
 Metaspace       used 33549K, capacity 35282K, committed 35416K, reserved 1079296K
  class space    used 4341K, capacity 4663K, committed 4736K, reserved 1048576K
Event: 3.419 GC heap after
Heap after GC invocations=7 (full 1):
 PSYoungGen      total 150528K, used 11095K [0x000000076b500000, 0x0000000775600000, 0x00000007c0000000)
  eden space 139264K, 0% used [0x000000076b500000,0x000000076b500000,0x0000000773d00000)
  from space 11264K, 98% used [0x0000000774a80000,0x0000000775555df8,0x0000000775580000)
  to   space 12800K, 0% used [0x0000000773d00000,0x0000000773d00000,0x0000000774980000)
 ParOldGen       total 111104K, used 9957K [0x00000006c1e00000, 0x00000006c8a80000, 0x000000076b500000)
  object space 111104K, 8% used [0x00000006c1e00000,0x00000006c27b9790,0x00000006c8a80000)
 Metaspace       used 33549K, capacity 35282K, committed 35416K, reserved 1079296K
  class space    used 4341K, capacity 4663K, committed 4736K, reserved 1048576K
}
Event: 3.419 GC heap before
{Heap before GC invocations=8 (full 2):
 PSYoungGen      total 150528K, used 11095K [0x000000076b500000, 0x0000000775600000, 0x00000007c0000000)
  eden space 139264K, 0% used [0x000000076b500000,0x000000076b500000,0x0000000773d00000)
  from space 11264K, 98% used [0x0000000774a80000,0x0000000775555df8,0x0000000775580000)
  to   space 12800K, 0% used [0x0000000773d00000,0x0000000773d00000,0x0000000774980000)
 ParOldGen       total 111104K, used 9957K [0x00000006c1e00000, 0x00000006c8a80000, 0x000000076b500000)
  object space 111104K, 8% used [0x00000006c1e00000,0x00000006c27b9790,0x00000006c8a80000)
 Metaspace       used 33549K, capacity 35282K, committed 35416K, reserved 1079296K
  class space    used 4341K, capacity 4663K, committed 4736K, reserved 1048576K
Event: 3.452 GC heap after
Heap after GC invocations=8 (full 2):
 PSYoungGen      total 150528K, used 0K [0x000000076b500000, 0x0000000775600000, 0x00000007c0000000)
  eden space 139264K, 0% used [0x000000076b500000,0x000000076b500000,0x0000000773d00000)
  from space 11264K, 0% used [0x0000000774a80000,0x0000000774a80000,0x0000000775580000)
  to   space 12800K, 0% used [0x0000000773d00000,0x0000000773d00000,0x0000000774980000)
 ParOldGen       total 170496K, used 15624K [0x00000006c1e00000, 0x00000006cc480000, 0x000000076b500000)
  object space 170496K, 9% used [0x00000006c1e00000,0x00000006c2d422b0,0x00000006cc480000)
 Metaspace       used 33549K, capacity 35282K, committed 35416K, reserved 1079296K
  class space    used 4341K, capacity 4663K, committed 4736K, reserved 1048576K
}
Event: 4.442 GC heap before
{Heap before GC invocations=9 (full 2):
 PSYoungGen      total 150528K, used 139264K [0x000000076b500000, 0x0000000775600000, 0x00000007c0000000)
  eden space 139264K, 100% used [0x000000076b500000,0x0000000773d00000,0x0000000773d00000)
  from space 11264K, 0% used [0x0000000774a80000,0x0000000774a80000,0x0000000775580000)
  to   space 12800K, 0% used [0x0000000773d00000,0x0000000773d00000,0x0000000774980000)
 ParOldGen       total 170496K, used 15624K [0x00000006c1e00000, 0x00000006cc480000, 0x000000076b500000)
  object space 170496K, 9% used [0x00000006c1e00000,0x00000006c2d422b0,0x00000006cc480000)
 Metaspace       used 40566K, capacity 42516K, committed 42712K, reserved 1087488K
  class space    used 5239K, capacity 5574K, committed 5632K, reserved 1048576K
Event: 4.449 GC heap after
Heap after GC invocations=9 (full 2):
 PSYoungGen      total 152064K, used 8576K [0x000000076b500000, 0x0000000775600000, 0x00000007c0000000)
  eden space 139264K, 0% used [0x000000076b500000,0x000000076b500000,0x0000000773d00000)
  from space 12800K, 67% used [0x0000000773d00000,0x0000000774560148,0x0000000774980000)
  to   space 11264K, 0% used [0x0000000774a80000,0x0000000774a80000,0x0000000775580000)
 ParOldGen       total 170496K, used 15632K [0x00000006c1e00000, 0x00000006cc480000, 0x000000076b500000)
  object space 170496K, 9% used [0x00000006c1e00000,0x00000006c2d442b0,0x00000006cc480000)
 Metaspace       used 40566K, capacity 42516K, committed 42712K, reserved 1087488K
  class space    used 5239K, capacity 5574K, committed 5632K, reserved 1048576K
}
Event: 5.274 GC heap before
{Heap before GC invocations=10 (full 2):
 PSYoungGen      total 152064K, used 147840K [0x000000076b500000, 0x0000000775600000, 0x00000007c0000000)
  eden space 139264K, 100% used [0x000000076b500000,0x0000000773d00000,0x0000000773d00000)
  from space 12800K, 67% used [0x0000000773d00000,0x0000000774560148,0x0000000774980000)
  to   space 11264K, 0% used [0x0000000774a80000,0x0000000774a80000,0x0000000775580000)
 ParOldGen       total 170496K, used 15632K [0x00000006c1e00000, 0x00000006cc480000, 0x000000076b500000)
  object space 170496K, 9% used [0x00000006c1e00000,0x00000006c2d442b0,0x00000006cc480000)
 Metaspace       used 45985K, capacity 48202K, committed 48344K, reserved 1091584K
  class space    used 5977K, capacity 6397K, committed 6400K, reserved 1048576K
Event: 5.282 GC heap after
Heap after GC invocations=10 (full 2):
 PSYoungGen      total 150528K, used 11254K [0x000000076b500000, 0x0000000775600000, 0x00000007c0000000)
  eden space 139264K, 0% used [0x000000076b500000,0x000000076b500000,0x0000000773d00000)
  from space 11264K, 99% used [0x0000000774a80000,0x000000077557d8a0,0x0000000775580000)
  to   space 12800K, 0% used [0x0000000773d00000,0x0000000773d00000,0x0000000774980000)
 ParOldGen       total 170496K, used 16589K [0x00000006c1e00000, 0x00000006cc480000, 0x000000076b500000)
  object space 170496K, 9% used [0x00000006c1e00000,0x00000006c2e336d0,0x00000006cc480000)
 Metaspace       used 45985K, capacity 48202K, committed 48344K, reserved 1091584K
  class space    used 5977K, capacity 6397K, committed 6400K, reserved 1048576K
}
Event: 6.221 GC heap before
{Heap before GC invocations=11 (full 2):
 PSYoungGen      total 150528K, used 150518K [0x000000076b500000, 0x0000000775600000, 0x00000007c0000000)
  eden space 139264K, 100% used [0x000000076b500000,0x0000000773d00000,0x0000000773d00000)
  from space 11264K, 99% used [0x0000000774a80000,0x000000077557d8a0,0x0000000775580000)
  to   space 12800K, 0% used [0x0000000773d00000,0x0000000773d00000,0x0000000774980000)
 ParOldGen       total 170496K, used 16589K [0x00000006c1e00000, 0x00000006cc480000, 0x000000076b500000)
  object space 170496K, 9% used [0x00000006c1e00000,0x00000006c2e336d0,0x00000006cc480000)
 Metaspace       used 48398K, capacity 51092K, committed 51288K, reserved 1093632K
  class space    used 6337K, capacity 6784K, committed 6784K, reserved 1048576K
Event: 6.230 GC heap after
Heap after GC invocations=11 (full 2):
 PSYoungGen      total 152064K, used 12785K [0x000000076b500000, 0x0000000777c00000, 0x00000007c0000000)
  eden space 139264K, 0% used [0x000000076b500000,0x000000076b500000,0x0000000773d00000)
  from space 12800K, 99% used [0x0000000773d00000,0x000000077497c4c8,0x0000000774980000)
  to   space 14848K, 0% used [0x0000000776d80000,0x0000000776d80000,0x0000000777c00000)
 ParOldGen       total 170496K, used 17984K [0x00000006c1e00000, 0x00000006cc480000, 0x000000076b500000)
  object space 170496K, 10% used [0x00000006c1e00000,0x00000006c2f90280,0x00000006cc480000)
 Metaspace       used 48398K, capacity 51092K, committed 51288K, reserved 1093632K
  class space    used 6337K, capacity 6784K, committed 6784K, reserved 1048576K
}

Deoptimization events (10 events):
Event: 5.450 Thread 0x00000000036ae800 Uncommon trap: reason=unstable_if action=reinterpret pc=0x0000000003c58f00 method=java.util.concurrent.ConcurrentHashMap.transfer([Ljava/util/concurrent/ConcurrentHashMap$Node;[Ljava/util/concurrent/ConcurrentHashMap$Node;)V @ 356
Event: 5.464 Thread 0x00000000036ae800 Uncommon trap: reason=unstable_if action=reinterpret pc=0x000000000450e8b4 method=org.springframework.core.annotation.TypeMappedAnnotations$MergedAnnotationFinder.doWithAnnotations(Ljava/lang/Object;ILjava/lang/Object;[Ljava/lang/annotation/Annotation;)Lo
Event: 5.464 Thread 0x00000000036ae800 Uncommon trap: reason=unstable_if action=reinterpret pc=0x0000000004539f40 method=org.springframework.core.annotation.TypeMappedAnnotations$MergedAnnotationFinder.doWithAnnotations(Ljava/lang/Object;ILjava/lang/Object;[Ljava/lang/annotation/Annotation;)Lo
Event: 5.989 Thread 0x00000000036ae800 Uncommon trap: reason=unstable_if action=reinterpret pc=0x0000000003fbb1c8 method=java.util.Properties$LineReader.readLine()I @ 200
Event: 6.053 Thread 0x00000000036ae800 Uncommon trap: reason=bimorphic action=maybe_recompile pc=0x00000000041b36f8 method=java.util.Collections$SetFromMap.contains(Ljava/lang/Object;)Z @ 5
Event: 6.214 Thread 0x00000000036ae800 Uncommon trap: reason=bimorphic action=maybe_recompile pc=0x0000000003e7e900 method=org.springframework.core.SerializableTypeWrapper.unwrap(Ljava/lang/reflect/Type;)Ljava/lang/reflect/Type; @ 18
Event: 6.214 Thread 0x00000000036ae800 Uncommon trap: reason=bimorphic action=maybe_recompile pc=0x0000000003e7e900 method=org.springframework.core.SerializableTypeWrapper.unwrap(Ljava/lang/reflect/Type;)Ljava/lang/reflect/Type; @ 18
Event: 6.215 Thread 0x00000000036ae800 Uncommon trap: reason=class_check action=maybe_recompile pc=0x0000000003e7ec0c method=org.springframework.core.SerializableTypeWrapper.unwrap(Ljava/lang/reflect/Type;)Ljava/lang/reflect/Type; @ 10
Event: 6.233 Thread 0x00000000036ae800 Uncommon trap: reason=bimorphic action=maybe_recompile pc=0x0000000003e7e900 method=org.springframework.core.SerializableTypeWrapper.unwrap(Ljava/lang/reflect/Type;)Ljava/lang/reflect/Type; @ 18
Event: 6.233 Thread 0x00000000036ae800 Uncommon trap: reason=bimorphic action=maybe_recompile pc=0x0000000003e7e900 method=org.springframework.core.SerializableTypeWrapper.unwrap(Ljava/lang/reflect/Type;)Ljava/lang/reflect/Type; @ 18

Classes redefined (0 events):
No events

Internal exceptions (10 events):
Event: 6.204 Thread 0x00000000036ae800 Exception <a 'java/lang/ClassNotFoundException': org/springframework/web/servlet/config/annotation/WebMvcConfigurationSupport$NoOpValidatorCustomizer> (0x0000000773aa8c68) thrown at [C:\re\workspace\8-2-build-windows-amd64-cygwin\jdk8u171\10807\hotspot\sr
Event: 6.204 Thread 0x00000000036ae800 Exception <a 'java/lang/ClassNotFoundException': org/springframework/validation/ValidatorCustomizer> (0x0000000773ad1c70) thrown at [C:\re\workspace\8-2-build-windows-amd64-cygwin\jdk8u171\10807\hotspot\src\share\vm\classfile\systemDictionary.cpp, line 21
Event: 6.212 Thread 0x00000000036ae800 Exception <a 'java/lang/ClassNotFoundException': java/lang/ObjectCustomizer> (0x0000000773b8f848) thrown at [C:\re\workspace\8-2-build-windows-amd64-cygwin\jdk8u171\10807\hotspot\src\share\vm\classfile\systemDictionary.cpp, line 210]
Event: 6.213 Thread 0x00000000036ae800 Exception <a 'java/lang/ClassNotFoundException': org/springframework/boot/autoconfigure/http/HttpMessageConvertersAutoConfigurationCustomizer> (0x0000000773bcf8e8) thrown at [C:\re\workspace\8-2-build-windows-amd64-cygwin\jdk8u171\10807\hotspot\src\share\
Event: 6.217 Thread 0x00000000036ae800 Exception <a 'java/lang/ClassNotFoundException': java/lang/ObjectCustomizer> (0x0000000773c22430) thrown at [C:\re\workspace\8-2-build-windows-amd64-cygwin\jdk8u171\10807\hotspot\src\share\vm\classfile\systemDictionary.cpp, line 210]
Event: 6.217 Thread 0x00000000036ae800 Exception <a 'java/lang/ClassNotFoundException': org/springframework/boot/autoconfigure/http/HttpMessageConvertersAutoConfiguration$StringHttpMessageConverterConfigurationCustomizer> (0x0000000773c76a20) thrown at [C:\re\workspace\8-2-build-windows-amd64-
Event: 6.219 Thread 0x00000000036ae800 Exception <a 'java/lang/ClassNotFoundException': java/lang/ObjectCustomizer> (0x0000000773c98b30) thrown at [C:\re\workspace\8-2-build-windows-amd64-cygwin\jdk8u171\10807\hotspot\src\share\vm\classfile\systemDictionary.cpp, line 210]
Event: 6.220 Thread 0x00000000036ae800 Exception <a 'java/lang/ClassNotFoundException': org/springframework/http/converter/AbstractHttpMessageConverterCustomizer> (0x0000000773cce8f8) thrown at [C:\re\workspace\8-2-build-windows-amd64-cygwin\jdk8u171\10807\hotspot\src\share\vm\classfile\system
Event: 6.231 Thread 0x00000000036ae800 Exception <a 'java/lang/ClassNotFoundException': org/springframework/http/converter/StringHttpMessageConverterCustomizer> (0x000000076b5102f8) thrown at [C:\re\workspace\8-2-build-windows-amd64-cygwin\jdk8u171\10807\hotspot\src\share\vm\classfile\systemDi
Event: 6.232 Thread 0x00000000036ae800 Exception <a 'java/lang/ClassNotFoundException': org/springframework/http/converter/HttpMessageConverterCustomizer> (0x000000076b545760) thrown at [C:\re\workspace\8-2-build-windows-amd64-cygwin\jdk8u171\10807\hotspot\src\share\vm\classfile\systemDictiona

Events (10 events):
Event: 6.232 loading class org/springframework/http/converter/HttpMessageConverterCustomizer
Event: 6.232 loading class org/springframework/http/converter/HttpMessageConverterCustomizer done
Event: 6.232 loading class org/springframework/http/converter/HttpMessageConverterCustomizer
Event: 6.232 loading class org/springframework/http/converter/HttpMessageConverterCustomizer done
Event: 6.233 Thread 0x00000000036ae800 Uncommon trap: trap_request=0xffffffc6 fr.pc=0x0000000003e7e900
Event: 6.233 Thread 0x00000000036ae800 DEOPT PACKING pc=0x0000000003e7e900 sp=0x00000000035e9da0
Event: 6.233 Thread 0x00000000036ae800 DEOPT UNPACKING pc=0x00000000037f583b sp=0x00000000035e9db8 mode 2
Event: 6.233 Thread 0x00000000036ae800 Uncommon trap: trap_request=0xffffffc6 fr.pc=0x0000000003e7e900
Event: 6.233 Thread 0x00000000036ae800 DEOPT PACKING pc=0x0000000003e7e900 sp=0x00000000035e9bd0
Event: 6.233 Thread 0x00000000036ae800 DEOPT UNPACKING pc=0x00000000037f583b sp=0x00000000035e9be8 mode 2


Dynamic libraries:
0x00007ff7bfcf0000 - 0x00007ff7bfd27000 	C:\Program Files\Java\jdk1.8.0_171\jre\bin\java.exe
0x00007ffe0c380000 - 0x00007ffe0c570000 	C:\Windows\SYSTEM32\ntdll.dll
0x00007ffe0bed0000 - 0x00007ffe0bf82000 	C:\Windows\System32\KERNEL32.DLL
0x00007ffe09e90000 - 0x00007ffe0a135000 	C:\Windows\System32\KERNELBASE.dll
0x00007ffe0a590000 - 0x00007ffe0a633000 	C:\Windows\System32\ADVAPI32.dll
0x00007ffe0bd70000 - 0x00007ffe0be0e000 	C:\Windows\System32\msvcrt.dll
0x00007ffe0a6d0000 - 0x00007ffe0a767000 	C:\Windows\System32\sechost.dll
0x00007ffe0bb60000 - 0x00007ffe0bc80000 	C:\Windows\System32\RPCRT4.dll
0x00007ffe0c0d0000 - 0x00007ffe0c264000 	C:\Windows\System32\USER32.dll
0x00007ffe09e60000 - 0x00007ffe09e81000 	C:\Windows\System32\win32u.dll
0x00007ffe0a500000 - 0x00007ffe0a526000 	C:\Windows\System32\GDI32.dll
0x00007ffe0a290000 - 0x00007ffe0a426000 	C:\Windows\System32\gdi32full.dll
0x00007ffe09dc0000 - 0x00007ffe09e5e000 	C:\Windows\System32\msvcp_win.dll
0x00007ffe09c70000 - 0x00007ffe09d6a000 	C:\Windows\System32\ucrtbase.dll
0x00007ffdf25b0000 - 0x00007ffdf2834000 	C:\Windows\WinSxS\amd64_microsoft.windows.common-controls_6595b64144ccf1df_6.0.18362.1198_none_9e820b57e45ad92f\COMCTL32.dll
0x00007ffe0a770000 - 0x00007ffe0aaa5000 	C:\Windows\System32\combase.dll
0x00007ffe09a90000 - 0x00007ffe09b10000 	C:\Windows\System32\bcryptPrimitives.dll
0x00007ffe0a640000 - 0x00007ffe0a66e000 	C:\Windows\System32\IMM32.DLL
0x0000000071980000 - 0x0000000071a52000 	C:\Program Files\Java\jdk1.8.0_171\jre\bin\msvcr100.dll
0x00000000710e0000 - 0x0000000071980000 	C:\Program Files\Java\jdk1.8.0_171\jre\bin\server\jvm.dll
0x00007ffe0bec0000 - 0x00007ffe0bec8000 	C:\Windows\System32\PSAPI.DLL
0x00007ffe02530000 - 0x00007ffe0253a000 	C:\Windows\SYSTEM32\VERSION.dll
0x00007ffde9cb0000 - 0x00007ffde9cb9000 	C:\Windows\SYSTEM32\WSOCK32.dll
0x00007ffe04f60000 - 0x00007ffe04f84000 	C:\Windows\SYSTEM32\WINMM.dll
0x00007ffe0ad80000 - 0x00007ffe0adef000 	C:\Windows\System32\WS2_32.dll
0x00007ffe04f30000 - 0x00007ffe04f5d000 	C:\Windows\SYSTEM32\winmmbase.dll
0x00007ffe09d70000 - 0x00007ffe09dba000 	C:\Windows\System32\cfgmgr32.dll
0x0000000074c50000 - 0x0000000074c5f000 	C:\Program Files\Java\jdk1.8.0_171\jre\bin\verify.dll
0x0000000074c20000 - 0x0000000074c49000 	C:\Program Files\Java\jdk1.8.0_171\jre\bin\java.dll
0x0000000074c00000 - 0x0000000074c16000 	C:\Program Files\Java\jdk1.8.0_171\jre\bin\zip.dll
0x00007ffe0b410000 - 0x00007ffe0baf7000 	C:\Windows\System32\SHELL32.dll
0x00007ffe0aac0000 - 0x00007ffe0ab69000 	C:\Windows\System32\shcore.dll
0x00007ffe09300000 - 0x00007ffe09a81000 	C:\Windows\System32\windows.storage.dll
0x00007ffe09240000 - 0x00007ffe09263000 	C:\Windows\System32\profapi.dll
0x00007ffe09290000 - 0x00007ffe092da000 	C:\Windows\System32\powrprof.dll
0x00007ffe09230000 - 0x00007ffe09240000 	C:\Windows\System32\UMPDC.dll
0x00007ffe0a670000 - 0x00007ffe0a6c2000 	C:\Windows\System32\shlwapi.dll
0x00007ffe09270000 - 0x00007ffe09281000 	C:\Windows\System32\kernel.appcore.dll
0x00007ffe09b10000 - 0x00007ffe09b27000 	C:\Windows\System32\cryptsp.dll
0x0000000070e80000 - 0x0000000070e8d000 	C:\Program Files\Java\jdk1.8.0_171\jre\bin\management.dll
0x0000000074be0000 - 0x0000000074bfa000 	C:\Program Files\Java\jdk1.8.0_171\jre\bin\net.dll
0x00007ffe08a80000 - 0x00007ffe08ae7000 	C:\Windows\system32\mswsock.dll
0x0000000074bc0000 - 0x0000000074bd1000 	C:\Program Files\Java\jdk1.8.0_171\jre\bin\nio.dll
0x00007ffdf44d0000 - 0x00007ffdf451b000 	C:\Program Files (x86)\Sangfor\SSL\ClientComponent\SangforNspX64.dll
0x00007ffe0ab80000 - 0x00007ffe0acd7000 	C:\Windows\System32\ole32.dll
0x00007ffe0a430000 - 0x00007ffe0a4f5000 	C:\Windows\System32\OLEAUT32.dll
0x00007ffdec8f0000 - 0x00007ffdec906000 	C:\Windows\system32\napinsp.dll
0x00007ffde3480000 - 0x00007ffde349a000 	C:\Windows\system32\pnrpnsp.dll
0x00007ffdf0ad0000 - 0x00007ffdf0ae5000 	C:\Windows\system32\wshbth.dll
0x00007ffe05490000 - 0x00007ffe054ac000 	C:\Windows\system32\NLAapi.dll
0x00007ffe08790000 - 0x00007ffe087ca000 	C:\Windows\SYSTEM32\IPHLPAPI.DLL
0x00007ffe087e0000 - 0x00007ffe088ab000 	C:\Windows\SYSTEM32\DNSAPI.dll
0x00007ffe0ab70000 - 0x00007ffe0ab78000 	C:\Windows\System32\NSI.dll
0x00007ffde34b0000 - 0x00007ffde34be000 	C:\Windows\System32\winrnr.dll
0x0000000075120000 - 0x0000000075155000 	C:\Program Files\Bonjour\mdnsNSP.dll
0x00007ffdfde40000 - 0x00007ffdfde4a000 	C:\Windows\System32\rasadhlp.dll
0x00007ffe05120000 - 0x00007ffe05197000 	C:\Windows\System32\fwpuclnt.dll
0x00007ffe09b90000 - 0x00007ffe09bb6000 	C:\Windows\System32\bcrypt.dll

VM Arguments:
java_command: C:\Users\User\AppData\Local\Temp\surefire6743354182952587526\surefirebooter5605039866484770410.jar C:\Users\User\AppData\Local\Temp\surefire6743354182952587526 2020-11-15T22-35-55_006-jvmRun1 surefire5035079338866071306tmp surefire_06607309636763093350tmp
java_class_path (initial): C:\Users\User\AppData\Local\Temp\surefire6743354182952587526\surefirebooter5605039866484770410.jar
Launcher Type: SUN_STANDARD

Environment Variables:
JAVA_HOME=C:\Program Files\Java\jdk1.8.0_171
CLASSPATH=.;C:\Program Files\Java\jdk1.8.0_171\lib
PATH=C:\Program Files (x86)\NetSarang\Xshell 6\;C:\Program Files (x86)\NetSarang\Xftp 6\;C:\Program Files (x86)\Common Files\Oracle\Java\javapath;C:\Program Files\Java\jdk1.8.0_171\bin;C:\Windows\system32;C:\Windows;C:\Windows\System32\Wbem;C:\Windows\System32\WindowsPowerShell\v1.0\;C:\Windows\System32\OpenSSH\;E:\QQ\Bin\;C:\Program Files\MySQL\MySQL Utilities 1.6\;C:\Program Files\MySQL\MySQL Server 5.7\bin;C:\apache-maven-3.6.3\bin;D:\DevlopPrograms\bin;D:\Git\cmd;C:\Users\User\AppData\Local\Microsoft\WindowsApps;D:\IntelliJ IDEA 2020.1.1\bin;;D:\web\WebStorm 2020.2\bin;;D:\CLion\CLion 2019.3.6\bin;;D:\Git\cmd;
USERNAME=User
OS=Windows_NT
PROCESSOR_IDENTIFIER=Intel64 Family 6 Model 158 Stepping 9, GenuineIntel



---------------  S Y S T E M  ---------------

OS: Windows 10.0 , 64 bit Build 18362 (10.0.18362.1110)

CPU:total 8 (initial active 8) (4 cores per cpu, 2 threads per core) family 6 model 158 stepping 9, cmov, cx8, fxsr, mmx, sse, sse2, sse3, ssse3, sse4.1, sse4.2, popcnt, avx, avx2, aes, clmul, erms, 3dnowpref, lzcnt, ht, tsc, tscinvbit, bmi1, bmi2, adx

Memory: 4k page, physical 16653800k(1621292k free), swap 47804772k(5428k free)

vm_info: Java HotSpot(TM) 64-Bit Server VM (25.171-b11) for windows-amd64 JRE (1.8.0_171-b11), built on Mar 28 2018 16:06:12 by "java_re" with MS VC++ 10.0 (VS2010)

time: Sun Nov 15 22:36:01 2020
elapsed time: 6 seconds (0d 0h 0m 6s)

